#
# A fatal error has been detected by the Java Runtime Environment:
#
#  Internal Error (javaClasses.cpp:126), pid=9024, tid=7532
#  fatal error: Invalid layout of preloaded class
#
# JRE version:  (8.0_25-b18) (build )
# Java VM: Java HotSpot(TM) Client VM (25.25-b02 mixed mode windows-x86 )
# Failed to write core dump. Minidumps are not enabled by default on client versions of Windows
#
# If you would like to submit a bug report, please visit:
#   http://bugreport.sun.com/bugreport/crash.jsp
#

---------------  T H R E A D  ---------------

Current thread (0x0069c400):  JavaThread "Unknown thread" [_thread_in_vm, id=7532, stack(0x00380000,0x003d0000)]

Stack: [0x00380000,0x003d0000],  sp=0x003cfa54,  free space=318k
Native frames: (J=compiled Java code, j=interpreted, Vv=VM code, C=native code)
V  [jvm.dll+0x19796b]
V  [jvm.dll+0x1908e6]
V  [jvm.dll+0x3b4e9]
V  [jvm.dll+0x3b69e]
V  [jvm.dll+0x4a063]
V  [jvm.dll+0x9dc8e]
V  [jvm.dll+0x9df52]
V  [jvm.dll+0x145a01]
V  [jvm.dll+0x169ab8]
V  [jvm.dll+0xdaea1]
C  [javaw.exe+0x13e4]
C  [javaw.exe+0x1eb7]
C  [javaw.exe+0xaba1]
C  [javaw.exe+0xac2b]
C  [kernel32.dll+0x4ee1c]
C  [ntdll.dll+0x637eb]
C  [ntdll.dll+0x637be]
C  0x00000000


---------------  P R O C E S S  ---------------

Java Threads: ( => current thread )

Other Threads:

=>0x0069c400 (exited) JavaThread "Unknown thread" [_thread_in_vm, id=7532, stack(0x00380000,0x003d0000)]

VM state:not at safepoint (not fully initialized)

VM Mutex/Monitor currently owned by a thread: None

GC Heap History (0 events):
No events

Deoptimization events (0 events):
No events

Internal exceptions (0 events):
No events

Events (10 events):
Event: 0.019 loading class java/lang/CharSequence done
Event: 0.019 loading class java/lang/String done
Event: 0.019 loading class java/lang/Class
Event: 0.019 loading class java/lang/reflect/AnnotatedElement
Event: 0.019 loading class java/lang/reflect/AnnotatedElement done
Event: 0.019 loading class java/lang/reflect/GenericDeclaration
Event: 0.019 loading class java/lang/reflect/GenericDeclaration done
Event: 0.019 loading class java/lang/reflect/Type
Event: 0.019 loading class java/lang/reflect/Type done
Event: 0.019 loading class java/lang/Class done


Dynamic libraries:
0x010b0000 - 0x010e0000 	C:\Program Files\Java\jdk1.8.0_25\bin\javaw.exe
0x77740000 - 0x7787c000 	C:\windows\SYSTEM32\ntdll.dll
0x76470000 - 0x76544000 	C:\windows\system32\kernel32.dll
0x75950000 - 0x7599b000 	C:\windows\system32\KERNELBASE.dll
0x771f0000 - 0x77290000 	C:\windows\system32\ADVAPI32.dll
0x760a0000 - 0x7614c000 	C:\windows\system32\msvcrt.dll
0x75bd0000 - 0x75be9000 	C:\windows\SYSTEM32\sechost.dll
0x77340000 - 0x773e2000 	C:\windows\system32\RPCRT4.dll
0x77670000 - 0x77739000 	C:\windows\system32\USER32.dll
0x76420000 - 0x7646e000 	C:\windows\system32\GDI32.dll
0x77660000 - 0x7766a000 	C:\windows\system32\LPK.dll
0x773f0000 - 0x7748d000 	C:\windows\system32\USP10.dll
0x74c70000 - 0x74e0e000 	C:\windows\WinSxS\x86_microsoft.windows.common-controls_6595b64144ccf1df_6.0.7601.17514_none_41e6975e2bd6f2b2\COMCTL32.dll
0x77880000 - 0x778d7000 	C:\windows\system32\SHLWAPI.dll
0x77320000 - 0x7733f000 	C:\windows\system32\IMM32.DLL
0x75fd0000 - 0x7609c000 	C:\windows\system32\MSCTF.dll
0x75890000 - 0x758c8000 	C:\windows\system32\nvinit.dll
0x54a10000 - 0x54acf000 	C:\Program Files\Java\jdk1.8.0_25\jre\bin\msvcr100.dll
0x6c320000 - 0x6c6c4000 	C:\Program Files\Java\jdk1.8.0_25\jre\bin\client\jvm.dll
0x730d0000 - 0x730d7000 	C:\windows\system32\WSOCK32.dll
0x75c00000 - 0x75c35000 	C:\windows\system32\WS2_32.dll
0x75bf0000 - 0x75bf6000 	C:\windows\system32\NSI.dll
0x73d50000 - 0x73d82000 	C:\windows\system32\WINMM.dll
0x75c40000 - 0x75c45000 	C:\windows\system32\PSAPI.DLL
0x62c60000 - 0x62c6c000 	C:\Program Files\Java\jdk1.8.0_25\jre\bin\verify.dll
0x60100000 - 0x60121000 	C:\Program Files\Java\jdk1.8.0_25\jre\bin\java.dll
0x61c90000 - 0x61ca3000 	C:\Program Files\Java\jdk1.8.0_25\jre\bin\zip.dll
0x72500000 - 0x725eb000 	C:\windows\system32\dbghelp.dll

VM Arguments:
jvm_args: -Dfile.encoding=Cp1252 -Xbootclasspath:C:\Users\glevoll\android-sdks\platforms\android-21\android.jar 
java_command: no.glv.android.stdntworkflow.core.LoadDataHandler
java_class_path (initial): C:\Users\glevoll\workspace2\StudentWorkflow\bin\classes;C:\Users\glevoll\workspace2\StudentWorkflow\libs\poi-3.11-20141221.jar;C:\Users\glevoll\workspace2\appcompat_v7\libs\android-support-v4.jar;C:\Users\glevoll\workspace2\appcompat_v7\libs\android-support-v7-appcompat.jar;C:\Users\glevoll\workspace2\appcompat_v7\bin\appcompat_v7.jar
Launcher Type: SUN_STANDARD

Environment Variables:
JAVA_HOME=C:\Program Files\Java\jdk1.8.0_25
PATH=C:/Program Files/Java/jre1.8.0_25/bin/client;C:/Program Files/Java/jre1.8.0_25/bin;C:/Program Files/Java/jre1.8.0_25/lib/i386;C:\ProgramData\Oracle\Java\javapath;C:\windows\system32;C:\windows;C:\windows\System32\Wbem;C:\windows\System32\WindowsPowerShell\v1.0\;C:\Program Files\Intel\OpenCL SDK\2.0\bin\x86;C:\Program Files\WIDCOMM\Bluetooth Software\;C:\Program Files\Intel\WiFi\bin\;C:\Program Files\Common Files\Intel\WirelessCommon\;C:\Program Files\Windows Kits\8.1\Windows Performance Toolkit\;C:\Program Files\Microsoft SQL Server\110\Tools\Binn\;C:\Program Files\Microsoft SDKs\TypeScript\1.0\;C:\Program Files\Microsoft SQL Server\120\Tools\Binn\;C:\Program Files\nodejs\;C:\Program Files\Git\cmd;C:\Program Files\Intel\WiFi\bin\;C:\Program Files\Common Files\Intel\WirelessCommon\;C:\Program Files\Java\jdk1.8.0_25\bin;C:\Users\glevoll\AppData\Roaming\npm;C:\install\eclipse-jee-luna-SR1-win32\eclipse;
USERNAME=GleVoll
OS=Windows_NT
PROCESSOR_IDENTIFIER=x86 Family 6 Model 42 Stepping 7, GenuineIntel



---------------  S Y S T E M  ---------------

OS: Windows 7 Build 7601 Service Pack 1

CPU:total 4 (2 cores per cpu, 2 threads per core) family 6 model 42 stepping 7, cmov, cx8, fxsr, mmx, sse, sse2, sse3, ssse3, sse4.1, sse4.2, popcnt, avx, clmul, ht, tsc, tscinvbit

Memory: 4k page, physical 3008824k(282832k free), swap 7511580k(2794284k free)

vm_info: Java HotSpot(TM) Client VM (25.25-b02) for windows-x86 JRE (1.8.0_25-b18), built on Oct  7 2014 14:31:05 by "java_re" with MS VC++ 10.0 (VS2010)

time: Mon Dec 29 08:15:40 2014
elapsed time: 0 seconds (0d 0h 0m 0s)

